<?xml version="1.0" encoding="UTF-8"?>
<coverage generated="1627863689986" clover="3.2.0">
  <project timestamp="1627863689986" name="All files">
    <metrics statements="25" coveredstatements="25" conditionals="4" coveredconditionals="4" methods="9" coveredmethods="9" elements="38" coveredelements="38" complexity="0" loc="25" ncloc="25" packages="1" files="3" classes="3"/>
    <file name="Cart.js" path="/Users/jessicapreuss/Desktop/tdd-lab-2-JessicaPreuss/src/js/Cart.js">
      <metrics statements="14" coveredstatements="14" conditionals="0" coveredconditionals="0" methods="6" coveredmethods="6"/>
      <line num="3" count="1" type="stmt"/>
      <line num="7" count="4" type="stmt"/>
      <line num="10" count="10" type="stmt"/>
      <line num="13" count="2" type="stmt"/>
      <line num="16" count="4" type="stmt"/>
      <line num="17" count="4" type="stmt"/>
      <line num="18" count="22" type="stmt"/>
      <line num="20" count="4" type="stmt"/>
      <line num="24" count="4" type="stmt"/>
      <line num="25" count="4" type="stmt"/>
      <line num="26" count="24" type="stmt"/>
      <line num="28" count="4" type="stmt"/>
      <line num="31" count="2" type="stmt"/>
      <line num="35" count="1" type="stmt"/>
    </file>
    <file name="Product.js" path="/Users/jessicapreuss/Desktop/tdd-lab-2-JessicaPreuss/src/js/Product.js">
      <metrics statements="7" coveredstatements="7" conditionals="2" coveredconditionals="2" methods="2" coveredmethods="2"/>
      <line num="4" count="19" type="stmt"/>
      <line num="5" count="19" type="stmt"/>
      <line num="6" count="19" type="stmt"/>
      <line num="9" count="28" type="cond" truecount="2" falsecount="0"/>
      <line num="10" count="26" type="stmt"/>
      <line num="13" count="2" type="stmt"/>
      <line num="18" count="2" type="stmt"/>
    </file>
    <file name="money-functions.js" path="/Users/jessicapreuss/Desktop/tdd-lab-2-JessicaPreuss/src/js/money-functions.js">
      <metrics statements="4" coveredstatements="4" conditionals="2" coveredconditionals="2" methods="1" coveredmethods="1"/>
      <line num="2" count="1" type="stmt"/>
      <line num="3" count="8" type="stmt"/>
      <line num="4" count="8" type="cond" truecount="2" falsecount="0"/>
      <line num="7" count="1" type="stmt"/>
    </file>
  </project>
</coverage>
