{"/Users/jessicapreuss/Desktop/tdd-lab-2-JessicaPreuss/src/js/Cart.js": {"path":"/Users/jessicapreuss/Desktop/tdd-lab-2-JessicaPreuss/src/js/Cart.js","statementMap":{"0":{"start":{"line":3,"column":34},"end":{"line":3,"column":52}},"1":{"start":{"line":7,"column":8},"end":{"line":7,"column":24}},"2":{"start":{"line":10,"column":8},"end":{"line":10,"column":33}},"3":{"start":{"line":13,"column":8},"end":{"line":13,"column":33}},"4":{"start":{"line":16,"column":20},"end":{"line":16,"column":21}},"5":{"start":{"line":17,"column":8},"end":{"line":19,"column":9}},"6":{"start":{"line":17,"column":19},"end":{"line":17,"column":20}},"7":{"start":{"line":18,"column":12},"end":{"line":18,"column":40}},"8":{"start":{"line":20,"column":8},"end":{"line":20,"column":21}},"9":{"start":{"line":24,"column":20},"end":{"line":24,"column":21}},"10":{"start":{"line":25,"column":8},"end":{"line":27,"column":9}},"11":{"start":{"line":25,"column":18},"end":{"line":25,"column":19}},"12":{"start":{"line":26,"column":12},"end":{"line":26,"column":53}},"13":{"start":{"line":28,"column":8},"end":{"line":28,"column":21}},"14":{"start":{"line":31,"column":8},"end":{"line":31,"column":65}},"15":{"start":{"line":35,"column":0},"end":{"line":35,"column":22}}},"fnMap":{"0":{"name":"(anonymous_0)","decl":{"start":{"line":6,"column":4},"end":{"line":6,"column":5}},"loc":{"start":{"line":6,"column":19},"end":{"line":8,"column":5}},"line":6},"1":{"name":"(anonymous_1)","decl":{"start":{"line":9,"column":4},"end":{"line":9,"column":5}},"loc":{"start":{"line":9,"column":17},"end":{"line":11,"column":5}},"line":9},"2":{"name":"(anonymous_2)","decl":{"start":{"line":12,"column":4},"end":{"line":12,"column":5}},"loc":{"start":{"line":12,"column":18},"end":{"line":14,"column":5}},"line":12},"3":{"name":"(anonymous_3)","decl":{"start":{"line":15,"column":4},"end":{"line":15,"column":5}},"loc":{"start":{"line":15,"column":23},"end":{"line":22,"column":5}},"line":15},"4":{"name":"(anonymous_4)","decl":{"start":{"line":23,"column":4},"end":{"line":23,"column":5}},"loc":{"start":{"line":23,"column":21},"end":{"line":29,"column":5}},"line":23},"5":{"name":"(anonymous_5)","decl":{"start":{"line":30,"column":4},"end":{"line":30,"column":5}},"loc":{"start":{"line":30,"column":12},"end":{"line":32,"column":5}},"line":30}},"branchMap":{},"s":{"0":1,"1":4,"2":10,"3":2,"4":4,"5":4,"6":4,"7":22,"8":4,"9":4,"10":4,"11":4,"12":24,"13":4,"14":2,"15":1},"f":{"0":4,"1":10,"2":2,"3":4,"4":4,"5":2},"b":{},"_coverageSchema":"43e27e138ebf9cfc5966b082cf9a028302ed4184","hash":"e3bef7a54ac5c6c5c53e2229b9d48f86957b5f39"}
,"/Users/jessicapreuss/Desktop/tdd-lab-2-JessicaPreuss/src/js/Product.js": {"path":"/Users/jessicapreuss/Desktop/tdd-lab-2-JessicaPreuss/src/js/Product.js","statementMap":{"0":{"start":{"line":4,"column":8},"end":{"line":4,"column":25}},"1":{"start":{"line":5,"column":8},"end":{"line":5,"column":27}},"2":{"start":{"line":6,"column":8},"end":{"line":6,"column":31}},"3":{"start":{"line":9,"column":8},"end":{"line":14,"column":9}},"4":{"start":{"line":10,"column":12},"end":{"line":10,"column":37}},"5":{"start":{"line":13,"column":12},"end":{"line":13,"column":30}},"6":{"start":{"line":18,"column":0},"end":{"line":18,"column":25}}},"fnMap":{"0":{"name":"(anonymous_0)","decl":{"start":{"line":3,"column":4},"end":{"line":3,"column":5}},"loc":{"start":{"line":3,"column":39},"end":{"line":7,"column":5}},"line":3},"1":{"name":"(anonymous_1)","decl":{"start":{"line":8,"column":4},"end":{"line":8,"column":5}},"loc":{"start":{"line":8,"column":22},"end":{"line":15,"column":5}},"line":8}},"branchMap":{"0":{"loc":{"start":{"line":9,"column":8},"end":{"line":14,"column":9}},"type":"if","locations":[{"start":{"line":9,"column":8},"end":{"line":14,"column":9}},{"start":{"line":9,"column":8},"end":{"line":14,"column":9}}],"line":9}},"s":{"0":19,"1":19,"2":19,"3":28,"4":26,"5":2,"6":2},"f":{"0":19,"1":28},"b":{"0":[26,2]},"_coverageSchema":"43e27e138ebf9cfc5966b082cf9a028302ed4184","hash":"6a7d8192b8142f15fb2e99394b1987dc1e0ffaa6"}
,"/Users/jessicapreuss/Desktop/tdd-lab-2-JessicaPreuss/src/js/money-functions.js": {"path":"/Users/jessicapreuss/Desktop/tdd-lab-2-JessicaPreuss/src/js/money-functions.js","statementMap":{"0":{"start":{"line":2,"column":23},"end":{"line":5,"column":1}},"1":{"start":{"line":3,"column":10},"end":{"line":3,"column":37}},"2":{"start":{"line":4,"column":4},"end":{"line":4,"column":48}},"3":{"start":{"line":7,"column":17},"end":{"line":29,"column":1}},"4":{"start":{"line":8,"column":17},"end":{"line":8,"column":22}},"5":{"start":{"line":10,"column":19},"end":{"line":10,"column":42}},"6":{"start":{"line":11,"column":4},"end":{"line":11,"column":27}},"7":{"start":{"line":13,"column":16},"end":{"line":13,"column":39}},"8":{"start":{"line":14,"column":4},"end":{"line":14,"column":24}},"9":{"start":{"line":16,"column":18},"end":{"line":16,"column":40}},"10":{"start":{"line":17,"column":4},"end":{"line":17,"column":25}},"11":{"start":{"line":19,"column":18},"end":{"line":19,"column":24}},"12":{"start":{"line":21,"column":4},"end":{"line":27,"column":5}},"13":{"start":{"line":31,"column":0},"end":{"line":31,"column":45}}},"fnMap":{"0":{"name":"(anonymous_0)","decl":{"start":{"line":2,"column":23},"end":{"line":2,"column":24}},"loc":{"start":{"line":2,"column":35},"end":{"line":5,"column":1}},"line":2},"1":{"name":"(anonymous_1)","decl":{"start":{"line":7,"column":17},"end":{"line":7,"column":18}},"loc":{"start":{"line":7,"column":28},"end":{"line":29,"column":1}},"line":7}},"branchMap":{"0":{"loc":{"start":{"line":4,"column":11},"end":{"line":4,"column":47}},"type":"cond-expr","locations":[{"start":{"line":4,"column":25},"end":{"line":4,"column":34}},{"start":{"line":4,"column":37},"end":{"line":4,"column":47}}],"line":4}},"s":{"0":1,"1":8,"2":8,"3":1,"4":4,"5":4,"6":4,"7":4,"8":4,"9":4,"10":4,"11":4,"12":4,"13":1},"f":{"0":8,"1":4},"b":{"0":[5,3]},"_coverageSchema":"43e27e138ebf9cfc5966b082cf9a028302ed4184","hash":"d82df67e943176de3c2669dac88fbb36fea99bfb"}
}
