TN:
SF:/Users/jessicapreuss/Desktop/tdd-lab-2-JessicaPreuss/src/js/Cart.js
FN:6,(anonymous_0)
FN:9,(anonymous_1)
FN:12,(anonymous_2)
FN:15,(anonymous_3)
FN:23,(anonymous_4)
FN:30,(anonymous_5)
FNF:6
FNH:6
FNDA:4,(anonymous_0)
FNDA:10,(anonymous_1)
FNDA:2,(anonymous_2)
FNDA:4,(anonymous_3)
FNDA:4,(anonymous_4)
FNDA:2,(anonymous_5)
DA:3,1
DA:7,4
DA:10,10
DA:13,2
DA:16,4
DA:17,4
DA:18,22
DA:20,4
DA:24,4
DA:25,4
DA:26,24
DA:28,4
DA:31,2
DA:35,1
LF:14
LH:14
BRF:0
BRH:0
end_of_record
TN:
SF:/Users/jessicapreuss/Desktop/tdd-lab-2-JessicaPreuss/src/js/Product.js
FN:3,(anonymous_0)
FN:8,(anonymous_1)
FNF:2
FNH:2
FNDA:19,(anonymous_0)
FNDA:28,(anonymous_1)
DA:4,19
DA:5,19
DA:6,19
DA:9,28
DA:10,26
DA:13,2
DA:18,2
LF:7
LH:7
BRDA:9,0,0,26
BRDA:9,0,1,2
BRF:2
BRH:2
end_of_record
